<?xml version="1.0" encoding="UTF-8"?>
<testsuite name="Agregar items al carrito de compras" tests="4" skipped="0" failures="1" errors="0" timestamp="2025-07-09T11:14:07.161Z" hostname="fedora" time="16.253">
  <properties/>
  <testcase name="Agregar un producto al carrito" classname="Agregar items al carrito de compras" time="6.193"/>
  <testcase name="Agregar unidades negativas al carrito" classname="Agregar items al carrito de compras" time="3.677">
    <failure message="java.lang.AssertionError: &#10;Expected: &lt;false&gt;&#10;     but: was &lt;true&gt;" type="java.lang.AssertionError">java.lang.AssertionError: 
Expected: &lt;false&gt;
     but: was &lt;true&gt;
	at net.serenitybdd.screenplay.ErrorTally.throwSummaryExceptionFrom(ErrorTally.java:38)
	at net.serenitybdd.screenplay.ErrorTally.reportAnyErrors(ErrorTally.java:32)
	at net.serenitybdd.screenplay.Actor.should(Actor.java:397)
	at co.edu.udea.calidad.pruebas_automatizacion.stepdefinitions.AgregarUnidadesNegativasStepDefinition.elProductoNoDeberaPoderAgregarseAlCarrito(AgregarUnidadesNegativasStepDefinition.java:42)
	at ✽.no debería poder agregar el producto al carrito de compras(file:///home/julianrodriguez/Documents/2.%20Universidad/Calidad%20de%20Software/lab-calidad-automatizacion/src/test/resources/features/carrito_compras.feature:19)
</failure>
  </testcase>
  <testcase name="Verificar el total del carrito" classname="Agregar items al carrito de compras" time="4.113"/>
  <testcase name="Verificar el total del carrito vacío" classname="Agregar items al carrito de compras" time="2.269"/>
  <system-out><![CDATA[Actual text: Blue Top
Actual text: Added!
Actual text: Rs. 1000
Actual text: Cart is empty!
]]></system-out>
  <system-err><![CDATA[[Test worker] INFO  - 
  _____   ___   ___   _____     ___   _____     _     ___   _____   ___   ___  
 |_   _| | __| / __| |_   _|   / __| |_   _|   /_\   | _ \ |_   _| | __| |   \ 
   | |   | _|  \__ \   | |     \__ \   | |    / _ \  |   /   | |   | _|  | |) |
   |_|   |___| |___/   |_|     |___/   |_|   /_/ \_\ |_|_\   |_|   |___| |___/ 

Agregar un producto al carrito(agregar-items-al-carrito-de-compras;agregar-un-producto-al-carrito)
--------------------------------------------------------------------------------
[Test worker] INFO net.serenitybdd.core.webdriver.driverproviders.ChromeDriverProvider - Starting Chrome driver instance with capabilities:
[Test worker] INFO net.serenitybdd.core.webdriver.driverproviders.ChromeDriverProvider - Capabilities {acceptInsecureCerts: true, browserName: chrome, goog:chromeOptions: {args: [--start-maximized, --test-type, --no-sandbox, --ignore-certificate-errors, \n                   --disa..., --disable-default-apps, --disable-extensions-file-a..., \n                   --inco..., --disable-infobars,--disabl..., --remote-allow-origins=*], extensions: []}}
Jul 09, 2025 6:14:09 AM org.openqa.selenium.devtools.CdpVersionFinder findNearestMatch
WARNING: Unable to find CDP implementation matching 138
Jul 09, 2025 6:14:09 AM org.openqa.selenium.chromium.ChromiumDriver lambda$new$5
WARNING: Unable to find version of CDP to use for 138.0.7204.100. You may need to include a dependency on a specific version of the CDP using something similar to `org.seleniumhq.selenium:selenium-devtools-v86:4.16.1` where the version ("v86") matches the version of the chromium-based browser you're using and the version number of the artifact is the same as Selenium's.
[Test worker] INFO  - ?[92m
  _____   ___   ___   _____     ___     _     ___   ___   ___   ___  
 |_   _| | __| / __| |_   _|   | _ \   /_\   / __| / __| | __| |   \ 
   | |   | _|  \__ \   | |     |  _/  / _ \  \__ \ \__ \ | _|  | |) |
   |_|   |___| |___/   |_|     |_|   /_/ \_\ |___/ |___/ |___| |___/ 

Agregar un producto al carrito
----------------------------------------------------------------------?[0m
[Test worker] INFO  - 
  _____   ___   ___   _____     ___   _____     _     ___   _____   ___   ___  
 |_   _| | __| / __| |_   _|   / __| |_   _|   /_\   | _ \ |_   _| | __| |   \ 
   | |   | _|  \__ \   | |     \__ \   | |    / _ \  |   /   | |   | _|  | |) |
   |_|   |___| |___/   |_|     |___/   |_|   /_/ \_\ |_|_\   |_|   |___| |___/ 

Agregar unidades negativas al carrito(agregar-items-al-carrito-de-compras;agregar-unidades-negativas-al-carrito)
--------------------------------------------------------------------------------
[Test worker] ERROR  - ?[91m
  _____   ___   ___   _____     ___     _     ___   _      ___   ___  
 |_   _| | __| / __| |_   _|   | __|   /_\   |_ _| | |    | __| |   \ 
   | |   | _|  \__ \   | |     | _|   / _ \   | |  | |__  | _|  | |) |
   |_|   |___| |___/   |_|     |_|   /_/ \_\ |___| |____| |___| |___/ 

Agregar unidades negativas al carrito
-----------------------------------------------------------------------?[0m
[Test worker] ERROR  - ?[91m    Test failed at step: Then text validation should be (false)?[0m
[Test worker] ERROR  - ?[91m    Expected: <false> but: was <true>?[0m
[Test worker] INFO  - 
  _____   ___   ___   _____     ___   _____     _     ___   _____   ___   ___  
 |_   _| | __| / __| |_   _|   / __| |_   _|   /_\   | _ \ |_   _| | __| |   \ 
   | |   | _|  \__ \   | |     \__ \   | |    / _ \  |   /   | |   | _|  | |) |
   |_|   |___| |___/   |_|     |___/   |_|   /_/ \_\ |_|_\   |_|   |___| |___/ 

Verificar el total del carrito(agregar-items-al-carrito-de-compras;verificar-el-total-del-carrito)
--------------------------------------------------------------------------------
[Test worker] INFO  - ?[92m
  _____   ___   ___   _____     ___     _     ___   ___   ___   ___  
 |_   _| | __| / __| |_   _|   | _ \   /_\   / __| / __| | __| |   \ 
   | |   | _|  \__ \   | |     |  _/  / _ \  \__ \ \__ \ | _|  | |) |
   |_|   |___| |___/   |_|     |_|   /_/ \_\ |___/ |___/ |___| |___/ 

Verificar el total del carrito
----------------------------------------------------------------------?[0m
[Test worker] INFO  - 
  _____   ___   ___   _____     ___   _____     _     ___   _____   ___   ___  
 |_   _| | __| / __| |_   _|   / __| |_   _|   /_\   | _ \ |_   _| | __| |   \ 
   | |   | _|  \__ \   | |     \__ \   | |    / _ \  |   /   | |   | _|  | |) |
   |_|   |___| |___/   |_|     |___/   |_|   /_/ \_\ |_|_\   |_|   |___| |___/ 

Verificar el total del carrito vacío(agregar-items-al-carrito-de-compras;verificar-el-total-del-carrito-vacío)
--------------------------------------------------------------------------------
[Test worker] INFO  - ?[92m
  _____   ___   ___   _____     ___     _     ___   ___   ___   ___  
 |_   _| | __| / __| |_   _|   | _ \   /_\   / __| / __| | __| |   \ 
   | |   | _|  \__ \   | |     |  _/  / _ \  \__ \ \__ \ | _|  | |) |
   |_|   |___| |___/   |_|     |_|   /_/ \_\ |___/ |___/ |___| |___/ 

Verificar el total del carrito vacío
----------------------------------------------------------------------?[0m
]]></system-err>
</testsuite>
